<?xml version="1.0" encoding="UTF-8"?>
<!-- Generated by org.testng.reporters.JUnitXMLReporter -->
<testsuite hostname="DESKTOP-SDB8KDN" ignored="0" name="CRM Test" tests="9" failures="0" timestamp="25 Oct 2017 15:54:10 GMT" time="77.998" errors="0">
  <testcase name="loginPageTitleTest" time="0.034" classname="com.crm.qa.testcases.LoginPageTest"/>
  <testcase name="verifyHomePageTitleTest" time="0.012" classname="com.crm.qa.testcases.HomePageTest"/>
  <testcase name="verifyContactsPageLabelTest" time="0.028" classname="com.crm.qa.testcases.ContactsPageTest"/>
  <testcase name="crmLogoImageTest" time="0.061" classname="com.crm.qa.testcases.LoginPageTest"/>
  <testcase name="verifyUserNameTest" time="0.109" classname="com.crm.qa.testcases.HomePageTest"/>
  <testcase name="selectSingleContactsTest" time="0.126" classname="com.crm.qa.testcases.ContactsPageTest"/>
  <testcase name="loginTest" time="1.937" classname="com.crm.qa.testcases.LoginPageTest"/>
  <testcase name="vefiryContactsLinkTest" time="0.718" classname="com.crm.qa.testcases.HomePageTest"/>
  <testcase name="selectMultipleContactsTest" time="0.55" classname="com.crm.qa.testcases.ContactsPageTest"/>
</testsuite> <!-- CRM Test -->
